<?xml version="1.0" encoding="UTF-8"?>
<testng-results skipped="0" failed="0" ignored="0" total="1" passed="1">
  <reporter-output>
  </reporter-output>
  <suite name="Default suite" duration-ms="108034" started-at="2020-09-07T08:59:00 EDT" finished-at="2020-09-07T09:00:48 EDT">
    <groups>
    </groups>
    <test name="Default test" duration-ms="108034" started-at="2020-09-07T08:59:00 EDT" finished-at="2020-09-07T09:00:48 EDT">
      <class name="com.chickfilaa.testcases.Testcase">
        <test-method status="PASS" signature="testcase()[pri:0, instance:com.chickfilaa.testcases.Testcase@7f13d6e]" name="testcase" duration-ms="107901" started-at="2020-09-07T08:59:00 EDT" finished-at="2020-09-07T09:00:48 EDT">
          <reporter-output>
          </reporter-output>
        </test-method> <!-- testcase -->
      </class> <!-- com.chickfilaa.testcases.Testcase -->
    </test> <!-- Default test -->
  </suite> <!-- Default suite -->
</testng-results>
